Currently Loaded Modulefiles:
  1) intel/intel-2016-update2      3) openmpi/openmpi-2.0.0-intel
  2) nrn/nrn-mpi-7.4               4) openmpi/openmpi-2.0.1
lewis4-r630-hpc4rc-node354, reporting for duty.
Starting 100 Cell LA Model at Fri Jun 30 12:27:03 CDT 2017
/group/neurolab/neuron_python/nrn_virtualenv/bin/python
numprocs=10
NEURON -- Release 7.4 (1370:16a7055d4a86) 2015-11-09
Duke, Yale, and the BlueBrain Project -- Copyright 1984-2015
See http://www.neuron.yale.edu/neuron/credits

Additional mechanisms from files
 BAer2CeLPKCDm.mod BAer2CeLPKCDp.mod BAer2CeM.mod BAf2CeLPKCDm.mod BAf2CeLPKCDp.mod BAf2CeM.mod BAnor2CeLPKCDm.mod BAnor2CeLPKCDp.mod BAnor2CeM.mod CE_cal.mod CE_capool.mod CE_cat.mod CE_ia.mod CE_ih.mod CE_Ihva.mod CE_im.mod CE_kdr.mod CE_leak.mod CeLPKCDm2CeLPKCDm.mod CeLPKCDm2CeLPKCDp.mod CeLPKCDm2CeM.mod CeLPKCDp2CeLPKCDm.mod CeLPKCDp2CeLPKCDp.mod CeLPKCDp2CeM.mod CeM2CeM.mod CE_na.mod CE_sahp.mod ITCd2CeLPKCDm.mod ITCd2CeLPKCDp.mod ITCv2CeM.mod LAer2CeLPKCDm.mod LAer2CeLPKCDp.mod LAer2CeM.mod LAf2CeLPKCDm.mod LAf2CeLPKCDp.mod LAf2CeM.mod LAnor2CeLPKCDm.mod LAnor2CeLPKCDp.mod LAnor2CeM.mod shock.mod vecevent.mod
Traceback (most recent call last):
  File "Ce.py", line 130, in <module>
Traceback (most recent call last):
  File "Ce.py", line 130, in <module>
Traceback (most recent call last):
  File "Ce.py", line 130, in <module>
Traceback (most recent call last):
  File "Ce.py", line 130, in <module>
Traceback (most recent call last):
  File "Ce.py", line 130, in <module>
Traceback (most recent call last):
  File "Ce.py", line 130, in <module>
Traceback (most recent call last):
  File "Ce.py", line 130, in <module>
Traceback (most recent call last):
  File "Ce.py", line 130, in <module>
    etParams.stimTargetParams['bkg->PKCdM_LF'] = {'source': 'bkg_PKCdM', 'conds': {'popLabel': 'PKCdM_LF'}, 'weight': 0.009, 'delay': 0, 'synMech': 'exc'}
NameError: name 'etParams' is not defined
>>>     etParams.stimTargetParams['bkg->PKCdM_LF'] = {'source': 'bkg_PKCdM', 'conds': {'popLabel': 'PKCdM_LF'}, 'weight': 0.009, 'delay': 0, 'synMech': 'exc'}

NameError: name 'etParams' is not defined
>>> 
Traceback (most recent call last):
  File "Ce.py", line 130, in <module>
    etParams.stimTargetParams['bkg->PKCdM_LF'] = {'source': 'bkg_PKCdM', 'conds': {'popLabel': 'PKCdM_LF'}, 'weight': 0.009, 'delay': 0, 'synMech': 'exc'}
NameError: name 'etParams' is not defined
>>> 
    etParams.stimTargetParams['bkg->PKCdM_LF'] = {'source': 'bkg_PKCdM', 'conds': {'popLabel': 'PKCdM_LF'}, 'weight': 0.009, 'delay': 0, 'synMech': 'exc'}
NameError: name 'etParams' is not defined
    etParams.stimTargetParams['bkg->PKCdM_LF'] = {'source': 'bkg_PKCdM', 'conds': {'popLabel': 'PKCdM_LF'}, 'weight': 0.009, 'delay': 0, 'synMech': 'exc'}
    etParams.stimTargetParams['bkg->PKCdM_LF'] = {'source': 'bkg_PKCdM', 'conds': {'popLabel': 'PKCdM_LF'}, 'weight': 0.009, 'delay': 0, 'synMech': 'exc'}
NameError: name 'etParams' is not defined
>>> 
    etParams.stimTargetParams['bkg->PKCdM_LF'] = {'source': 'bkg_PKCdM', 'conds': {'popLabel': 'PKCdM_LF'}, 'weight': 0.009, 'delay': 0, 'synMech': 'exc'}
NameError: name 'etParams' is not defined
    etParams.stimTargetParams['bkg->PKCdM_LF'] = {'source': 'bkg_PKCdM', 'conds': {'popLabel': 'PKCdM_LF'}, 'weight': 0.009, 'delay': 0, 'synMech': 'exc'}
>>> 
NameError: name 'etParams' is not defined
>>> >>> 

NameError: name 'etParams' is not defined
>>> 
    etParams.stimTargetParams['bkg->PKCdM_LF'] = {'source': 'bkg_PKCdM', 'conds': {'popLabel': 'PKCdM_LF'}, 'weight': 0.009, 'delay': 0, 'synMech': 'exc'}
NameError: name 'etParams' is not defined
>>> 
Traceback (most recent call last):
  File "Ce.py", line 130, in <module>
    etParams.stimTargetParams['bkg->PKCdM_LF'] = {'source': 'bkg_PKCdM', 'conds': {'popLabel': 'PKCdM_LF'}, 'weight': 0.009, 'delay': 0, 'synMech': 'exc'}
NameError: name 'etParams' is not defined
>>> 
Program complete...
